# JRE version: OpenJDK Runtime Environment Microsoft-9388422 (21.0.3+9) (build 21.0.3+9-LTS)
# Java VM: OpenJDK 64-Bit Server VM Microsoft-9388422 (21.0.3+9-LTS, mixed mode, sharing, tiered, compressed oops, compressed class ptrs, g1 gc, windows-amd64)
GC Precious Log:
 CardTable entry size: 512
 Card Set container configuration: InlinePtr #cards 5 size 8 Array Of Cards #cards 12 size 40 Howl #buckets 4 coarsen threshold 1843 Howl Bitmap #cards 512 size 80 coarsen threshold 460 Card regions per heap region 1 cards per card region 2048
 CPUs: 8 total, 8 available
 Memory: 8025M
 Large Page Support: Disabled
 NUMA Support: Disabled
 Compressed Oops: Enabled (32-bit)
 Heap Region Size: 1M
 Heap Min Capacity: 8M
 Heap Initial Capacity: 126M
 Heap Max Capacity: 2008M
 Pre-touch: Disabled
 Parallel Workers: 8
 Concurrent Workers: 2
 Concurrent Refinement Workers: 8
 Periodic GC: Disabled
Heap:
 garbage-first heap   total 129024K, used 26233K [0x0000000082800000, 0x0000000100000000)
  region size 1024K, 6 young (6144K), 2 survivors (2048K)
 Metaspace       used 20152K, committed 20800K, reserved 1114112K
  class space    used 2393K, committed 2688K, reserved 1048576K
GC Heap History (7 events):
Event: 2.095 GC heap before
{Heap before GC invocations=0 (full 0):
 garbage-first heap   total 129024K, used 22528K [0x0000000082800000, 0x0000000100000000)
  region size 1024K, 23 young (23552K), 0 survivors (0K)
 Metaspace       used 7054K, committed 7232K, reserved 1114112K
  class space    used 814K, committed 896K, reserved 1048576K
}
Event: 2.109 GC heap after
{Heap after GC invocations=1 (full 0):
 garbage-first heap   total 129024K, used 4096K [0x0000000082800000, 0x0000000100000000)
  region size 1024K, 3 young (3072K), 3 survivors (3072K)
 Metaspace       used 7054K, committed 7232K, reserved 1114112K
  class space    used 814K, committed 896K, reserved 1048576K
}
Event: 3.454 GC heap before
{Heap before GC invocations=1 (full 0):
 garbage-first heap   total 129024K, used 37888K [0x0000000082800000, 0x0000000100000000)
  region size 1024K, 34 young (34816K), 3 survivors (3072K)
 Metaspace       used 13040K, committed 13440K, reserved 1114112K
  class space    used 1476K, committed 1664K, reserved 1048576K
}
Event: 3.476 GC heap after
{Heap after GC invocations=2 (full 0):
 garbage-first heap   total 129024K, used 11264K [0x0000000082800000, 0x0000000100000000)
  region size 1024K, 5 young (5120K), 5 survivors (5120K)
 Metaspace       used 13040K, committed 13440K, reserved 1114112K
  class space    used 1476K, committed 1664K, reserved 1048576K
}
Event: 5.601 GC heap before
{Heap before GC invocations=2 (full 0):
 garbage-first heap   total 129024K, used 70656K [0x0000000082800000, 0x0000000100000000)
  region size 1024K, 64 young (65536K), 5 survivors (5120K)
 Metaspace       used 20074K, committed 20736K, reserved 1114112K
  class space    used 2390K, committed 2688K, reserved 1048576K
}
Event: 5.631 GC heap after
{Heap after GC invocations=3 (full 0):
 garbage-first heap   total 129024K, used 20935K [0x0000000082800000, 0x0000000100000000)
  region size 1024K, 8 young (8192K), 8 survivors (8192K)
 Metaspace       used 20074K, committed 20736K, reserved 1114112K
  class space    used 2390K, committed 2688K, reserved 1048576K
}
Event: 6.357 GC heap before
{Heap before GC invocations=3 (full 0):
 garbage-first heap   total 129024K, used 89543K [0x0000000082800000, 0x0000000100000000)
  region size 1024K, 75 young (76800K), 8 survivors (8192K)
 Metaspace       used 20151K, committed 20800K, reserved 1114112K
  class space    used 2393K, committed 2688K, reserved 1048576K
}

